
Model: BasicMecaUnit
Skin: 0, Root Bone: Bone
  24fps, 4096x2048, 134217KB
Skin: 1, Root Bone: Bone
  24fps, 4096x2048, 134217KB
Skin: 2, Root Bone: Bone
  24fps, 4096x2048, 134217KB
Play Shader: AnimationCooker/VtxAnimSimpleLit

Enum Declaration: enabled
Reset Rotation Before Bake: disabled
Reset Position Before Bake: disabled
Reset Scale Before Bake: disabled
Ignore Bone Meshes: disabled
Bone Adjust: disabled

Post Domain Reload: enabled
R10G11B11: enabled


Started: 6/2/2024 7:49:49 PM
Output files were saved to: Assets/ExampleScene/Baked/BasicMecaUnit
Animation enums saved to: Assets/ExampleScene/Scripts/Generated/AnimEnums.cs
Completed in 11776.1471 seconds.